TestCase Started Running
Class manufacturerPincodeChecking Started
Filter Old To New Selected
TestCase Started Running
Class manufacturerPincodeChecking Started
Account Page is verified
TestCase Started Running
TestCase Started Running
class  SuggestionSelection started
Successfully logged into MonteCarlo
product added to wishlist
product added to cart
TestCase Started Running
Adding and RemovingProduct From Wishlist started
Product selected
Product is successfully added to cart and removed from wishlist
Class Adding and RemovingProduct From Wishlist ran Successfully
TestCase Started Running
class InitializingCheckout started
Successfully logged into MonteCarlo
Account Page is verified
view all results button clicked
class InitializingCheckout ran successfully
TestCase Started Running
Class AddProductToWishlistandCart Started
Account Page is verified
Product selected
TestCase Started Running
Adding address started
Logged into application
Opened Account page
Address Added to page
