Product is successfully added to cart and removed from wishlist
Class Adding and RemovingProduct From Wishlist ran Successfully
TestCase Started Running
class InitializingCheckout started
Successfully logged into MonteCarlo
Account Page is verified
view all results button clicked
class InitializingCheckout ran successfully
TestCase Started Running
Class AddProductToWishlistandCart Started
Account Page is verified
TestCase Started Running
Adding address started
Logged into application
Opened Account page
Address Added to page
Class Adding address ran successfully
TestCase Started Running
Signed into application Successfully
Account
Address deleted Successfully
class deletingAddress ran Successfully
TestCase Started Running
Class manufacturerPincodeChecking Started
Successfully logged into MonteCarlo
Account Page is verified
The ManufacturerPincodeChecking class ran successfully.
TestCase Started Running
TestCase Started Running
class filterOldToNew started
Filter Old To New Selected
