Class Adding address ran successfully
TestCase Started Running
Signed into application Successfully
Account
Address deleted Successfully
class deletingAddress ran Successfully
TestCase Started Running
Class manufacturerPincodeChecking Started
Successfully logged into MonteCarlo
Account Page is verified
The ManufacturerPincodeChecking class ran successfully.
TestCase Started Running
class EnterDetailsOnProductAdding started
no such product is clicked
Eamil entered once the popup is shown
Product has been added to your wishlist
class EnterDetailsOnProductAdding ran successfully
TestCase Started Running
class filterOldToNew started
Filter Old To New Selected
TestCase Started Running
Class manufacturerPincodeChecking Started
Account Page is verified
TestCase Started Running
class  SuggestionSelection started
Successfully logged into MonteCarlo
product added to wishlist
product added to cart
checkout initiated
TestCase Started Running
Adding and RemovingProduct From Wishlist started
Product selected
