TestCase Started Running
Class manufacturerPincodeChecking Started
Account Page is verified
TestCase Started Running
class  SuggestionSelection started
Successfully logged into MonteCarlo
product added to wishlist
product added to cart
checkout initiated
class SuggestionSelection ran Successfully
TestCase Started Running
Adding and RemovingProduct From Wishlist started
Product selected
Product is successfully added to cart and removed from wishlist
Class Adding and RemovingProduct From Wishlist ran Successfully
TestCase Started Running
class InitializingCheckout started
TestCase Started Running
Class AddProductToWishlistandCart Started
TestCase Started Running
Adding address started
TestCase Started Running
TestCase Started Running
TestCase Started Running
class  SuggestionSelection started
TestCase Started Running
class  SuggestionSelection started
Successfully logged into MonteCarlo
product added to wishlist
product added to cart
checkout initiated
class SuggestionSelection ran Successfully
